#-----------------------------------------------------------
# Vivado v2017.4 (64-bit)
# SW Build 2086221 on Fri Dec 15 20:55:39 MST 2017
# IP Build 2085800 on Fri Dec 15 22:25:07 MST 2017
# Start of session at: Wed Jul 10 15:08:20 2024
# Process ID: 24864
# Current directory: D:/SUSTech/Year 2 Semester 2/CS202 - Computer Organization/Project/GitHub/RISC-V-CPU/cpu-verilog/Final_CPU
# Command line: vivado.exe -gui_launcher_event rodinguilauncherevent25656 D:\SUSTech\Year 2 Semester 2\CS202 - Computer Organization\Project\GitHub\RISC-V-CPU\cpu-verilog\Final_CPU\Final_CPU.xpr
# Log file: D:/SUSTech/Year 2 Semester 2/CS202 - Computer Organization/Project/GitHub/RISC-V-CPU/cpu-verilog/Final_CPU/vivado.log
# Journal file: D:/SUSTech/Year 2 Semester 2/CS202 - Computer Organization/Project/GitHub/RISC-V-CPU/cpu-verilog/Final_CPU\vivado.jou
#-----------------------------------------------------------
start_gui
open_project {D:/SUSTech/Year 2 Semester 2/CS202 - Computer Organization/Project/GitHub/RISC-V-CPU/cpu-verilog/Final_CPU/Final_CPU.xpr}
INFO: [ProjectBase 1-489] The host OS only allows 260 characters in a normal path. The project is stored in a path with more than 80 characters. If you experience issues with IP, Block Designs, or files not being found, please consider moving the project to a location with a shorter path. Alternately consider using the OS subst command to map part of the path to a drive letter.
Current project path is 'D:/SUSTech/Year 2 Semester 2/CS202 - Computer Organization/Project/GitHub/RISC-V-CPU/cpu-verilog/Final_CPU'
INFO: [Project 1-313] Project file moved from 'C:/Users/Hok Layheng/Desktop/Final_CPU/Final_CPU' since last save.
CRITICAL WARNING: [Project 1-311] Could not find the file 'D:/SUSTech/Year 2 Semester 2/CS202 - Computer Organization/Project/GitHub/RISC-V-CPU/cpu-verilog/gufufuf/gufuf/gufuf/top_tb_behav.wcfg', nor could it be found using path 'C:/Users/Hok Layheng/Desktop/Final_CPU/gufufuf/gufuf/gufuf/top_tb_behav.wcfg'.
CRITICAL WARNING: [Project 1-311] Could not find the file 'D:/SUSTech/Year 2 Semester 2/CS202 - Computer Organization/Project/GitHub/RISC-V-CPU/cpu-verilog/gufufuf/gufufuf/top_tb_behav.wcfg', nor could it be found using path 'C:/Users/Hok Layheng/Desktop/Final_CPU/gufufuf/gufufuf/top_tb_behav.wcfg'.
CRITICAL WARNING: [Project 1-311] Could not find the file 'D:/SUSTech/Year 2 Semester 2/CS202 - Computer Organization/Project/GitHub/RISC-V-CPU/cpu-verilog/latest/top_tb_behav.wcfg', nor could it be found using path 'C:/Users/Hok Layheng/Desktop/Final_CPU/latest/top_tb_behav.wcfg'.
CRITICAL WARNING: [Project 1-311] Could not find the file 'D:/SUSTech/Year 2 Semester 2/CS202 - Computer Organization/Project/GitHub/RISC-V-CPU/cpu-verilog/fixsevenseg/top_tb_behav.wcfg', nor could it be found using path 'C:/Users/Hok Layheng/Desktop/Final_CPU/fixsevenseg/top_tb_behav.wcfg'.
CRITICAL WARNING: [Project 1-311] Could not find the file 'D:/SUSTech/Year 2 Semester 2/CS202 - Computer Organization/Project/GitHub/RISC-V-CPU/cpu-verilog/problem_child/top_tb_behav.wcfg', nor could it be found using path 'C:/Users/Hok Layheng/Desktop/Final_CPU/problem_child/top_tb_behav.wcfg'.
CRITICAL WARNING: [Project 1-311] Could not find the file 'D:/SUSTech/Year 2 Semester 2/CS202 - Computer Organization/Project/GitHub/RISC-V-CPU/cpu-verilog/letzgo/top_tb_behav.wcfg', nor could it be found using path 'C:/Users/Hok Layheng/Desktop/Final_CPU/letzgo/top_tb_behav.wcfg'.
Scanning sources...
Finished scanning sources
WARNING: [filemgmt 56-2] IP Repository Path: Could not find the directory 'D:/SUSTech/Year 2 Semester 2/CS202 - Computer Organization/Project/GitHub/RISC-V-CPU/cpu-verilog/gufufuf/gufuf/cpu_risc_v_v1/Others/SEU_CSE_507_user_uart_bmpg_1.3', nor could it be found using path 'C:/Users/Hok Layheng/Desktop/Final_CPU/gufufuf/gufuf/cpu_risc_v_v1/Others/SEU_CSE_507_user_uart_bmpg_1.3'.
INFO: [IP_Flow 19-234] Refreshing IP repositories
WARNING: [IP_Flow 19-2248] Failed to load user IP repository 'd:/SUSTech/Year 2 Semester 2/CS202 - Computer Organization/Project/GitHub/RISC-V-CPU/cpu-verilog/gufufuf/gufuf/cpu_risc_v_v1/Others/SEU_CSE_507_user_uart_bmpg_1.3'; Can't find the specified path.
If this directory should no longer be in your list of user repositories, go to the IP Settings dialog and remove it.
INFO: [IP_Flow 19-2313] Loaded Vivado IP repository 'C:/Xilinx/Vivado/2017.4/data/ip'.
update_compile_order -fileset sources_1
export_ip_user_files -of_objects  [get_files {{D:/SUSTech/Year 2 Semester 2/CS202 - Computer Organization/Project/GitHub/RISC-V-CPU/cpu-verilog/Final_CPU/Final_CPU.srcs/sources_1/new/IOReader.v}}] -no_script -reset -force -quiet
remove_files  {{D:/SUSTech/Year 2 Semester 2/CS202 - Computer Organization/Project/GitHub/RISC-V-CPU/cpu-verilog/Final_CPU/Final_CPU.srcs/sources_1/new/IOReader.v}}
